

Started GET "/" for ::1 at 2016-11-07 23:50:22 -0500
Processing by HomeController#index as HTML
  Rendered home/index.html.erb within layouts/application (1.2ms)
Completed 200 OK in 4183ms (Views: 4172.4ms)


Started GET "/assets/application.self-86edfd8d17740956fb77fa945d0f658c57e3da3fea518f931e166356a66fc033.css?body=1" for ::1 at 2016-11-07 23:50:26 -0500


Started GET "/assets/application.self-8f06a73c35179188914ab50e057157639fce1401c1cdca640ac9cec33746fc5b.js?body=1" for ::1 at 2016-11-07 23:50:26 -0500


Started GET "/" for ::1 at 2016-11-07 23:52:10 -0500
Processing by HomeController#index as HTML
  Rendered home/index.html.erb within layouts/application (0.1ms)
Completed 200 OK in 33ms (Views: 32.2ms)


Started GET "/assets/application.self-86edfd8d17740956fb77fa945d0f658c57e3da3fea518f931e166356a66fc033.css?body=1" for ::1 at 2016-11-07 23:52:10 -0500


Started GET "/assets/application.self-8f06a73c35179188914ab50e057157639fce1401c1cdca640ac9cec33746fc5b.js?body=1" for ::1 at 2016-11-07 23:52:10 -0500


Started GET "/assets/jquery.self-c64a74367bda6ef8b860f19e74df08927ca99d2be2ac934e9e92d5fd361e0da4.js?body=1" for ::1 at 2016-11-07 23:52:10 -0500


Started GET "/" for ::1 at 2016-11-07 23:53:03 -0500
Processing by HomeController#index as HTML
  Rendered home/index.html.erb within layouts/application (0.0ms)
Completed 200 OK in 22ms (Views: 20.9ms)


Started GET "/assets/application.self-86edfd8d17740956fb77fa945d0f658c57e3da3fea518f931e166356a66fc033.css?body=1" for ::1 at 2016-11-07 23:53:03 -0500


Started GET "/assets/application.self-8f06a73c35179188914ab50e057157639fce1401c1cdca640ac9cec33746fc5b.js?body=1" for ::1 at 2016-11-07 23:53:03 -0500


Started GET "/assets/jquery.self-c64a74367bda6ef8b860f19e74df08927ca99d2be2ac934e9e92d5fd361e0da4.js?body=1" for ::1 at 2016-11-07 23:53:03 -0500


Started GET "/" for ::1 at 2016-11-07 23:55:23 -0500
Processing by HomeController#index as HTML
  Rendered home/index.html.erb within layouts/application (0.1ms)
Completed 200 OK in 31ms (Views: 30.0ms)


Started GET "/assets/application.self-86edfd8d17740956fb77fa945d0f658c57e3da3fea518f931e166356a66fc033.css?body=1" for ::1 at 2016-11-07 23:55:23 -0500


Started GET "/assets/application.self-8f06a73c35179188914ab50e057157639fce1401c1cdca640ac9cec33746fc5b.js?body=1" for ::1 at 2016-11-07 23:55:23 -0500


Started GET "/assets/jquery.self-c64a74367bda6ef8b860f19e74df08927ca99d2be2ac934e9e92d5fd361e0da4.js?body=1" for ::1 at 2016-11-07 23:55:23 -0500


Started GET "/" for ::1 at 2016-11-07 23:55:59 -0500
Processing by HomeController#index as HTML
  Rendered home/index.html.erb within layouts/application (0.0ms)
Completed 200 OK in 33ms (Views: 32.1ms)


Started GET "/assets/application.self-86edfd8d17740956fb77fa945d0f658c57e3da3fea518f931e166356a66fc033.css?body=1" for ::1 at 2016-11-07 23:55:59 -0500


Started GET "/assets/application.self-8f06a73c35179188914ab50e057157639fce1401c1cdca640ac9cec33746fc5b.js?body=1" for ::1 at 2016-11-07 23:55:59 -0500


Started GET "/assets/jquery.self-c64a74367bda6ef8b860f19e74df08927ca99d2be2ac934e9e92d5fd361e0da4.js?body=1" for ::1 at 2016-11-07 23:55:59 -0500


Started GET "/" for ::1 at 2016-11-07 23:57:03 -0500
Processing by HomeController#index as HTML
  Rendered home/index.html.erb within layouts/application (0.0ms)
Completed 200 OK in 28ms (Views: 27.5ms)


Started GET "/assets/application.self-86edfd8d17740956fb77fa945d0f658c57e3da3fea518f931e166356a66fc033.css?body=1" for ::1 at 2016-11-07 23:57:03 -0500


Started GET "/assets/jquery.self-c64a74367bda6ef8b860f19e74df08927ca99d2be2ac934e9e92d5fd361e0da4.js?body=1" for ::1 at 2016-11-07 23:57:03 -0500


Started GET "/assets/application.self-8f06a73c35179188914ab50e057157639fce1401c1cdca640ac9cec33746fc5b.js?body=1" for ::1 at 2016-11-07 23:57:03 -0500


Started GET "/" for ::1 at 2016-11-07 23:58:42 -0500
Processing by HomeController#index as HTML
  Rendered home/index.html.erb within layouts/application (0.0ms)
Completed 200 OK in 26ms (Views: 25.2ms)


Started GET "/assets/application.self-86edfd8d17740956fb77fa945d0f658c57e3da3fea518f931e166356a66fc033.css?body=1" for ::1 at 2016-11-07 23:58:42 -0500


Started GET "/assets/application.self-8f06a73c35179188914ab50e057157639fce1401c1cdca640ac9cec33746fc5b.js?body=1" for ::1 at 2016-11-07 23:58:42 -0500


Started GET "/assets/jquery.self-c64a74367bda6ef8b860f19e74df08927ca99d2be2ac934e9e92d5fd361e0da4.js?body=1" for ::1 at 2016-11-07 23:58:42 -0500


Started GET "/" for ::1 at 2016-11-08 00:00:21 -0500
Processing by HomeController#index as HTML
  Rendered home/index.html.erb within layouts/application (0.0ms)
Completed 200 OK in 32ms (Views: 30.8ms)


Started GET "/assets/application.self-86edfd8d17740956fb77fa945d0f658c57e3da3fea518f931e166356a66fc033.css?body=1" for ::1 at 2016-11-08 00:00:22 -0500


Started GET "/assets/application.self-8f06a73c35179188914ab50e057157639fce1401c1cdca640ac9cec33746fc5b.js?body=1" for ::1 at 2016-11-08 00:00:22 -0500


Started GET "/assets/jquery.self-c64a74367bda6ef8b860f19e74df08927ca99d2be2ac934e9e92d5fd361e0da4.js?body=1" for ::1 at 2016-11-08 00:00:22 -0500


Started GET "/" for ::1 at 2016-11-08 00:00:29 -0500
Processing by HomeController#index as HTML
  Rendered home/index.html.erb within layouts/application (0.0ms)
Completed 200 OK in 34ms (Views: 33.3ms)


Started GET "/" for ::1 at 2016-11-08 00:07:17 -0500
Processing by HomeController#index as HTML
  Rendered home/index.html.erb within layouts/application (0.1ms)
Completed 200 OK in 59ms (Views: 58.9ms)


Started GET "/assets/application.self-86edfd8d17740956fb77fa945d0f658c57e3da3fea518f931e166356a66fc033.css?body=1" for ::1 at 2016-11-08 00:07:17 -0500


Started GET "/assets/application.self-8f06a73c35179188914ab50e057157639fce1401c1cdca640ac9cec33746fc5b.js?body=1" for ::1 at 2016-11-08 00:07:17 -0500


Started GET "/assets/jquery.self-c64a74367bda6ef8b860f19e74df08927ca99d2be2ac934e9e92d5fd361e0da4.js?body=1" for ::1 at 2016-11-08 00:07:17 -0500


Started GET "/" for ::1 at 2016-11-08 00:14:22 -0500
Processing by HomeController#index as HTML
  Rendered home/index.html.erb within layouts/application (0.0ms)
Completed 200 OK in 44ms (Views: 43.6ms)


Started GET "/assets/application.self-86edfd8d17740956fb77fa945d0f658c57e3da3fea518f931e166356a66fc033.css?body=1" for ::1 at 2016-11-08 00:14:22 -0500


Started GET "/assets/jquery.self-c64a74367bda6ef8b860f19e74df08927ca99d2be2ac934e9e92d5fd361e0da4.js?body=1" for ::1 at 2016-11-08 00:14:22 -0500


Started GET "/assets/application.self-8f06a73c35179188914ab50e057157639fce1401c1cdca640ac9cec33746fc5b.js?body=1" for ::1 at 2016-11-08 00:14:22 -0500


Started GET "/" for ::1 at 2016-11-08 00:19:27 -0500
Processing by HomeController#index as HTML
  Rendered home/index.html.erb within layouts/application (0.1ms)
Completed 200 OK in 46ms (Views: 44.8ms)


Started GET "/assets/application.self-86edfd8d17740956fb77fa945d0f658c57e3da3fea518f931e166356a66fc033.css?body=1" for ::1 at 2016-11-08 00:19:27 -0500


Started GET "/assets/jquery.self-c64a74367bda6ef8b860f19e74df08927ca99d2be2ac934e9e92d5fd361e0da4.js?body=1" for ::1 at 2016-11-08 00:19:27 -0500


Started GET "/assets/application.self-8f06a73c35179188914ab50e057157639fce1401c1cdca640ac9cec33746fc5b.js?body=1" for ::1 at 2016-11-08 00:19:27 -0500
